12:20:51.143 INFO  manager.ApplicationManager - All tests run in chrome browser
12:20:51.943 INFO  manager.ApplicationManager - Current url---->https://contacts-app.tobbymarshall815.vercel.app/home
12:20:51.985 INFO  tests.TestBase - Start method with name--->removeAllContactsSuccess
12:20:51.992 INFO  manager.MyListener - WebDriver2 start find element--->By.xpath: //button[text()='Sign Out']
12:20:57.024 INFO  manager.MyListener - WebDriver start find element--->By.cssSelector: a[href='/login']
12:20:57.055 INFO  manager.MyListener - WebDriver found element by locator--->By.cssSelector: a[href='/login']
12:20:57.115 INFO  manager.MyListener - WebDriver start find element--->By.xpath: //input[1]
12:20:57.141 INFO  manager.MyListener - WebDriver found element by locator--->By.xpath: //input[1]
12:20:57.264 INFO  manager.MyListener - WebDriver start find element--->By.xpath: //input[2]
12:20:57.294 INFO  manager.MyListener - WebDriver found element by locator--->By.xpath: //input[2]
12:20:57.409 INFO  manager.MyListener - WebDriver start find element--->By.xpath: //button[1]
12:20:57.434 INFO  manager.MyListener - WebDriver found element by locator--->By.xpath: //button[1]
12:20:57.467 INFO  manager.MyListener - WebDriver2 start find element--->By.cssSelector: .contact-item_card__2SOIM
12:20:58.604 INFO  manager.MyListener - WebDriver2 start find element--->By.cssSelector: .contact-item_card__2SOIM
12:20:58.774 INFO  manager.MyListener - WebDriver start find element--->By.cssSelector: .contact-item_card__2SOIM
12:20:58.800 INFO  manager.MyListener - WebDriver found element by locator--->By.cssSelector: .contact-item_card__2SOIM
12:20:58.846 INFO  manager.MyListener - WebDriver start find element--->By.xpath: //button[text()='Remove']
12:20:58.866 INFO  manager.MyListener - WebDriver found element by locator--->By.xpath: //button[text()='Remove']
12:20:58.899 INFO  manager.MyListener - WebDriver2 start find element--->By.cssSelector: .contact-item_card__2SOIM
12:20:59.057 INFO  manager.MyListener - WebDriver start find element--->By.cssSelector: .contact-item_card__2SOIM
12:20:59.075 INFO  manager.MyListener - WebDriver found element by locator--->By.cssSelector: .contact-item_card__2SOIM
12:20:59.098 INFO  manager.MyListener - WebDriver start find element--->By.xpath: //button[text()='Remove']
12:20:59.119 INFO  manager.MyListener - WebDriver found element by locator--->By.xpath: //button[text()='Remove']
12:20:59.135 INFO  manager.MyListener - The name of method with Error-->click
12:20:59.138 INFO  manager.MyListener - We have a problem-->org.openqa.selenium.StaleElementReferenceException: stale element reference: element is not attached to the page document
  (Session info: chrome=103.0.5060.114)
For documentation on this error, please visit: https://selenium.dev/exceptions/#stale_element_reference
Build info: version: '4.2.2', revision: '683ccb65d6'
System info: host: 'BENNY-PC', ip: '192.168.56.1', os.name: 'Windows 10', os.arch: 'amd64', os.version: '10.0', java.version: '11.0.15.1'
Driver info: org.openqa.selenium.chrome.ChromeDriver
Command: [89e41e1d0b3efb86c154009bb35bbdb7, clickElement {id=b24aba44-f872-49a6-87da-e17f9b4431ba}]
Capabilities {acceptInsecureCerts: false, browserName: chrome, browserVersion: 103.0.5060.114, chrome: {chromedriverVersion: 102.0.5005.61 (0e59bcc00cc4..., userDataDir: C:\Users\Alla\AppData\Local...}, goog:chromeOptions: {debuggerAddress: localhost:57059}, networkConnectionEnabled: false, pageLoadStrategy: normal, platformName: WINDOWS, proxy: Proxy(), se:cdp: ws://localhost:57059/devtoo..., se:cdpVersion: 103.0.5060.114, setWindowRect: true, strictFileInteractability: false, timeouts: {implicit: 0, pageLoad: 300000, script: 30000}, unhandledPromptBehavior: dismiss and notify, webauthn:extension:credBlob: true, webauthn:extension:largeBlob: true, webauthn:virtualAuthenticators: true}
Element: [[ChromeDriver: chrome on WINDOWS (89e41e1d0b3efb86c154009bb35bbdb7)] -> xpath: //button[text()='Remove']]
Session ID: 89e41e1d0b3efb86c154009bb35bbdb7
12:20:59.145 INFO  tests.TestBase - Start method with name--->removeOneContactSuccess
12:20:59.147 INFO  manager.MyListener - WebDriver2 start find element--->By.xpath: //button[text()='Sign Out']
12:20:59.181 INFO  manager.MyListener - WebDriver2 start find element--->By.cssSelector: .contact-item_card__2SOIM
12:20:59.365 INFO  manager.MyListener - WebDriver2 start find element--->By.cssSelector: .contact-item_card__2SOIM
12:20:59.507 INFO  manager.HelperBase - Count before remove is 18
12:20:59.508 INFO  manager.MyListener - WebDriver2 start find element--->By.cssSelector: .contact-item_card__2SOIM
12:20:59.642 INFO  manager.HelperBase - List of Contact not Empty
12:20:59.642 INFO  manager.MyListener - WebDriver start find element--->By.cssSelector: .contact-item_card__2SOIM
12:20:59.657 INFO  manager.MyListener - WebDriver found element by locator--->By.cssSelector: .contact-item_card__2SOIM
12:20:59.701 INFO  manager.MyListener - WebDriver start find element--->By.xpath: //button[text()='Remove']
12:20:59.723 INFO  manager.MyListener - WebDriver found element by locator--->By.xpath: //button[text()='Remove']
12:20:59.775 INFO  manager.MyListener - WebDriver2 start find element--->By.cssSelector: .contact-item_card__2SOIM
12:20:59.897 INFO  manager.HelperBase - Count after remove is 18
