12:28:58.073 INFO  manager.ApplicationManager - All tests run in chrome browser
12:28:59.381 INFO  manager.ApplicationManager - Current url---->https://contacts-app.tobbymarshall815.vercel.app/home
12:28:59.415 INFO  tests.TestBase - Start method with name--->removeAllContactsSuccess
12:28:59.417 INFO  manager.MyListener - WebDriver2 start find element--->By.xpath: //button[text()='Sign Out']
12:29:04.452 INFO  manager.MyListener - WebDriver start find element--->By.cssSelector: a[href='/login']
12:29:04.482 INFO  manager.MyListener - WebDriver found element by locator--->By.cssSelector: a[href='/login']
12:29:04.546 INFO  manager.MyListener - WebDriver start find element--->By.xpath: //input[1]
12:29:04.572 INFO  manager.MyListener - WebDriver found element by locator--->By.xpath: //input[1]
12:29:04.700 INFO  manager.MyListener - WebDriver start find element--->By.xpath: //input[2]
12:29:04.735 INFO  manager.MyListener - WebDriver found element by locator--->By.xpath: //input[2]
12:29:04.849 INFO  manager.MyListener - WebDriver start find element--->By.xpath: //button[1]
12:29:04.872 INFO  manager.MyListener - WebDriver found element by locator--->By.xpath: //button[1]
12:29:04.911 INFO  manager.MyListener - WebDriver2 start find element--->By.cssSelector: .contact-item_card__2SOIM
12:29:05.844 INFO  manager.MyListener - WebDriver2 start find element--->By.cssSelector: .contact-item_card__2SOIM
12:29:05.998 INFO  manager.MyListener - WebDriver start find element--->By.cssSelector: .contact-item_card__2SOIM
12:29:06.018 INFO  manager.MyListener - WebDriver found element by locator--->By.cssSelector: .contact-item_card__2SOIM
12:29:06.062 INFO  manager.MyListener - WebDriver start find element--->By.xpath: //button[text()='Remove']
12:29:06.085 INFO  manager.MyListener - WebDriver found element by locator--->By.xpath: //button[text()='Remove']
12:29:06.121 INFO  manager.MyListener - WebDriver2 start find element--->By.cssSelector: .contact-item_card__2SOIM
12:29:06.271 INFO  manager.MyListener - WebDriver start find element--->By.cssSelector: .contact-item_card__2SOIM
12:29:06.287 INFO  manager.MyListener - WebDriver found element by locator--->By.cssSelector: .contact-item_card__2SOIM
12:29:06.307 INFO  manager.MyListener - WebDriver start find element--->By.xpath: //button[text()='Remove']
12:29:11.357 INFO  manager.MyListener - The name of method with Error-->findElement
12:29:11.362 INFO  manager.MyListener - We have a problem-->org.openqa.selenium.NoSuchElementException: no such element: Unable to locate element: {"method":"xpath","selector":"//button[text()='Remove']"}
  (Session info: chrome=103.0.5060.114)
For documentation on this error, please visit: https://selenium.dev/exceptions/#no_such_element
Build info: version: '4.2.2', revision: '683ccb65d6'
System info: host: 'BENNY-PC', ip: '192.168.56.1', os.name: 'Windows 10', os.arch: 'amd64', os.version: '10.0', java.version: '11.0.15.1'
Driver info: org.openqa.selenium.chrome.ChromeDriver
Command: [cd210e2d7985cf9c2a3cc4f03b637427, findElement {using=xpath, value=//button[text()='Remove']}]
Capabilities {acceptInsecureCerts: false, browserName: chrome, browserVersion: 103.0.5060.114, chrome: {chromedriverVersion: 102.0.5005.61 (0e59bcc00cc4..., userDataDir: C:\Users\Alla\AppData\Local...}, goog:chromeOptions: {debuggerAddress: localhost:57197}, networkConnectionEnabled: false, pageLoadStrategy: normal, platformName: WINDOWS, proxy: Proxy(), se:cdp: ws://localhost:57197/devtoo..., se:cdpVersion: 103.0.5060.114, setWindowRect: true, strictFileInteractability: false, timeouts: {implicit: 0, pageLoad: 300000, script: 30000}, unhandledPromptBehavior: dismiss and notify, webauthn:extension:credBlob: true, webauthn:extension:largeBlob: true, webauthn:virtualAuthenticators: true}
Session ID: cd210e2d7985cf9c2a3cc4f03b637427
12:29:11.367 INFO  tests.TestBase - Start method with name--->removeOneContactSuccess
12:29:11.368 INFO  manager.MyListener - WebDriver2 start find element--->By.xpath: //button[text()='Sign Out']
12:29:11.399 INFO  manager.MyListener - WebDriver2 start find element--->By.cssSelector: .contact-item_card__2SOIM
12:29:11.516 INFO  manager.MyListener - WebDriver2 start find element--->By.cssSelector: .contact-item_card__2SOIM
12:29:11.651 INFO  manager.HelperBase - Count before remove is 14
12:29:11.651 INFO  manager.MyListener - WebDriver2 start find element--->By.cssSelector: .contact-item_card__2SOIM
12:29:11.803 INFO  manager.HelperBase - List of Contact not Empty
12:29:11.803 INFO  manager.MyListener - WebDriver start find element--->By.cssSelector: .contact-item_card__2SOIM
12:29:11.821 INFO  manager.MyListener - WebDriver found element by locator--->By.cssSelector: .contact-item_card__2SOIM
12:29:11.862 INFO  manager.MyListener - WebDriver start find element--->By.xpath: //button[text()='Remove']
12:29:11.880 INFO  manager.MyListener - WebDriver found element by locator--->By.xpath: //button[text()='Remove']
12:29:11.917 INFO  manager.MyListener - WebDriver2 start find element--->By.cssSelector: .contact-item_card__2SOIM
12:29:12.036 INFO  manager.HelperBase - Count after remove is 14
